TN:
SF:src/app.ts
FN:25,(anonymous_7)
FNF:1
FNH:1
FNDA:1,(anonymous_7)
DA:1,1
DA:2,1
DA:3,1
DA:4,1
DA:5,1
DA:6,1
DA:7,1
DA:8,1
DA:9,1
DA:11,1
DA:12,1
DA:13,1
DA:15,1
DA:17,1
DA:19,1
DA:20,1
DA:21,1
DA:23,1
DA:25,1
DA:27,1
LF:20
LH:20
BRF:0
BRH:0
end_of_record
TN:
SF:src/routes.ts
FNF:0
FNH:0
DA:1,1
DA:2,1
DA:3,1
DA:4,1
DA:6,1
DA:8,1
DA:37,1
DA:91,1
LF:8
LH:8
BRF:0
BRH:0
end_of_record
TN:
SF:src/config/index.ts
FNF:0
FNH:0
DA:1,1
DA:2,1
DA:4,1
DA:16,1
LF:4
LH:4
BRF:0
BRH:0
end_of_record
TN:
SF:src/controller/task.ts
FN:7,(anonymous_8)
FN:23,(anonymous_10)
FN:53,(anonymous_12)
FN:65,(anonymous_14)
FN:88,(anonymous_16)
FN:111,(anonymous_18)
FNF:6
FNH:6
FNDA:1,(anonymous_8)
FNDA:1,(anonymous_10)
FNDA:2,(anonymous_12)
FNDA:1,(anonymous_14)
FNDA:1,(anonymous_16)
FNDA:2,(anonymous_18)
DA:2,1
DA:3,1
DA:4,1
DA:6,1
DA:8,1
DA:9,1
DA:10,1
DA:16,1
DA:17,1
DA:19,0
DA:24,1
DA:25,1
DA:26,1
DA:27,1
DA:28,0
DA:30,1
DA:31,1
DA:35,1
DA:42,1
DA:49,0
DA:54,2
DA:55,2
DA:56,2
DA:57,1
DA:59,1
DA:61,1
DA:66,1
DA:67,1
DA:68,1
DA:69,1
DA:70,0
DA:72,1
DA:81,1
DA:82,1
DA:84,0
DA:89,1
DA:90,1
DA:91,1
DA:92,1
DA:93,0
DA:95,1
DA:104,1
DA:105,1
DA:107,0
DA:112,2
DA:113,2
DA:114,2
DA:115,1
DA:117,1
DA:118,1
DA:119,1
DA:121,1
LF:52
LH:45
BRDA:25,0,0,1
BRDA:25,0,1,1
BRDA:26,1,0,1
BRDA:26,1,1,1
BRDA:27,2,0,0
BRDA:27,2,1,1
BRDA:32,3,0,1
BRDA:32,3,1,0
BRDA:33,4,0,1
BRDA:33,4,1,0
BRDA:56,5,0,1
BRDA:56,5,1,1
BRDA:69,6,0,0
BRDA:69,6,1,1
BRDA:92,7,0,0
BRDA:92,7,1,1
BRDA:114,8,0,1
BRDA:114,8,1,1
BRF:18
BRH:13
end_of_record
TN:
SF:src/dto/task.dto.ts
FNF:0
FNH:0
DA:1,1
DA:2,1
DA:4,1
DA:7,1
DA:11,1
DA:15,1
DA:19,1
DA:22,1
DA:24,1
DA:27,1
DA:30,1
DA:32,1
DA:34,1
DA:37,1
DA:42,1
DA:47,1
DA:51,1
DA:55,1
DA:58,1
LF:19
LH:19
BRF:0
BRH:0
end_of_record
TN:
SF:src/errors/BaseError.ts
FN:2,(anonymous_0)
FNF:1
FNH:1
FNDA:7,(anonymous_0)
DA:2,7
DA:3,7
DA:7,1
LF:3
LH:3
BRDA:2,0,0,2
BRF:1
BRH:1
end_of_record
TN:
SF:src/errors/HttpErrors.ts
FN:4,(anonymous_1)
FN:10,(anonymous_2)
FNF:2
FNH:2
FNDA:2,(anonymous_1)
FNDA:5,(anonymous_2)
DA:1,1
DA:3,1
DA:5,2
DA:9,1
DA:11,5
LF:5
LH:5
BRF:0
BRH:0
end_of_record
TN:
SF:src/lib/db.ts
FN:13,connect
FN:18,(anonymous_10)
FN:22,(anonymous_11)
FN:26,(anonymous_12)
FN:30,(anonymous_13)
FNF:5
FNH:3
FNDA:2,connect
FNDA:0,(anonymous_10)
FNDA:2,(anonymous_11)
FNDA:0,(anonymous_12)
FNDA:1,(anonymous_13)
DA:1,1
DA:2,1
DA:3,1
DA:5,1
DA:6,1
DA:8,1
DA:14,2
DA:18,0
DA:22,1
DA:23,2
DA:26,1
DA:27,0
DA:30,1
DA:31,1
DA:35,1
LF:15
LH:13
BRF:0
BRH:0
end_of_record
TN:
SF:src/lib/logger.ts
FNF:0
FNH:0
DA:1,1
DA:3,1
DA:11,1
DA:16,1
DA:21,1
DA:25,1
DA:32,1
LF:7
LH:7
BRF:0
BRH:0
end_of_record
TN:
SF:src/middlewares/errorHandler.ts
FN:5,errorHandler
FNF:1
FNH:1
FNDA:7,errorHandler
DA:3,1
DA:5,1
DA:6,7
DA:7,7
DA:8,7
DA:10,7
DA:14,7
LF:7
LH:7
BRDA:6,0,0,7
BRDA:6,0,1,0
BRDA:7,1,0,7
BRDA:7,1,1,0
BRDA:8,2,0,7
BRDA:8,2,1,0
BRF:6
BRH:3
end_of_record
TN:
SF:src/middlewares/validationResults.ts
FN:8,validateRequest
FN:9,(anonymous_1)
FN:12,(anonymous_2)
FN:16,(anonymous_3)
FNF:4
FNH:4
FNDA:5,validateRequest
FNDA:17,(anonymous_1)
FNDA:17,(anonymous_2)
FNDA:12,(anonymous_3)
DA:2,1
DA:3,1
DA:4,1
DA:8,1
DA:9,5
DA:10,17
DA:11,17
DA:12,17
DA:13,17
DA:16,12
DA:17,5
DA:20,5
DA:22,12
LF:13
LH:13
BRDA:13,0,0,5
BRDA:13,0,1,12
BRF:2
BRH:2
end_of_record
TN:
SF:src/model/task.ts
FN:3,(anonymous_0)
FN:9,(anonymous_1)
FNF:2
FNH:2
FNDA:1,(anonymous_0)
FNDA:1,(anonymous_1)
DA:1,1
DA:3,1
DA:4,1
DA:5,1
DA:6,1
DA:9,1
DA:10,1
DA:11,1
DA:12,1
DA:26,1
DA:51,1
LF:11
LH:11
BRDA:3,0,0,1
BRDA:3,0,1,1
BRDA:9,1,0,1
BRDA:9,1,1,1
BRF:4
BRH:4
end_of_record
